1655895143.315515 client started (317187): version 3.0a, socket /tmp//tmux-1000/default, protocol 8
1655895143.315564 on Linux 5.13.0-51-generic #58~20.04.1-Ubuntu SMP Tue Jun 14 11:29:12 UTC 2022; libevent 2.1.11-stable (poll)
1655895143.315597 socket is /tmp//tmux-1000/default
1655895143.315624 trying connect
1655895143.315739 add peer 0x560b48de4680: 6 ((nil))
1655895143.315897 sending message 100 to peer 0x560b48de4680 (4 bytes)
1655895143.315923 sending message 101 to peer 0x560b48de4680 (7 bytes)
1655895143.315940 sending message 102 to peer 0x560b48de4680 (12 bytes)
1655895143.315955 sending message 108 to peer 0x560b48de4680 (75 bytes)
1655895143.315992 sending message 104 to peer 0x560b48de4680 (0 bytes)
1655895143.316012 sending message 107 to peer 0x560b48de4680 (4 bytes)
1655895143.316026 sending message 105 to peer 0x560b48de4680 (20 bytes)
1655895143.316041 sending message 105 to peer 0x560b48de4680 (54 bytes)
1655895143.316054 sending message 105 to peer 0x560b48de4680 (51 bytes)
1655895143.316072 sending message 105 to peer 0x560b48de4680 (23 bytes)
1655895143.316087 sending message 105 to peer 0x560b48de4680 (11 bytes)
1655895143.316102 sending message 105 to peer 0x560b48de4680 (18 bytes)
1655895143.316116 sending message 105 to peer 0x560b48de4680 (44 bytes)
1655895143.316132 sending message 105 to peer 0x560b48de4680 (32 bytes)
1655895143.316147 sending message 105 to peer 0x560b48de4680 (86 bytes)
1655895143.316162 sending message 105 to peer 0x560b48de4680 (30 bytes)
1655895143.316176 sending message 105 to peer 0x560b48de4680 (52 bytes)
1655895143.316190 sending message 105 to peer 0x560b48de4680 (28 bytes)
1655895143.316203 sending message 105 to peer 0x560b48de4680 (18 bytes)
1655895143.316217 sending message 105 to peer 0x560b48de4680 (18 bytes)
1655895143.316231 sending message 105 to peer 0x560b48de4680 (47 bytes)
1655895143.316246 sending message 105 to peer 0x560b48de4680 (23 bytes)
1655895143.316258 sending message 105 to peer 0x560b48de4680 (17 bytes)
1655895143.316270 sending message 105 to peer 0x560b48de4680 (23 bytes)
1655895143.316287 sending message 105 to peer 0x560b48de4680 (30 bytes)
1655895143.316301 sending message 105 to peer 0x560b48de4680 (27 bytes)
1655895143.316316 sending message 105 to peer 0x560b48de4680 (24 bytes)
1655895143.316330 sending message 105 to peer 0x560b48de4680 (20 bytes)
1655895143.316344 sending message 105 to peer 0x560b48de4680 (23 bytes)
1655895143.316359 sending message 105 to peer 0x560b48de4680 (21 bytes)
1655895143.316373 sending message 105 to peer 0x560b48de4680 (25 bytes)
1655895143.316386 sending message 105 to peer 0x560b48de4680 (20 bytes)
1655895143.316398 sending message 105 to peer 0x560b48de4680 (8 bytes)
1655895143.316410 sending message 105 to peer 0x560b48de4680 (15 bytes)
1655895143.316425 sending message 105 to peer 0x560b48de4680 (32 bytes)
1655895143.316438 sending message 105 to peer 0x560b48de4680 (1506 bytes)
1655895143.316476 sending message 105 to peer 0x560b48de4680 (16 bytes)
1655895143.316495 sending message 105 to peer 0x560b48de4680 (54 bytes)
1655895143.316510 sending message 105 to peer 0x560b48de4680 (53 bytes)
1655895143.316526 sending message 105 to peer 0x560b48de4680 (16 bytes)
1655895143.316539 sending message 105 to peer 0x560b48de4680 (26 bytes)
1655895143.316554 sending message 105 to peer 0x560b48de4680 (20 bytes)
1655895143.316568 sending message 105 to peer 0x560b48de4680 (11 bytes)
1655895143.316582 sending message 105 to peer 0x560b48de4680 (17 bytes)
1655895143.316596 sending message 105 to peer 0x560b48de4680 (149 bytes)
1655895143.316610 sending message 105 to peer 0x560b48de4680 (79 bytes)
1655895143.316624 sending message 105 to peer 0x560b48de4680 (19 bytes)
1655895143.316639 sending message 105 to peer 0x560b48de4680 (18 bytes)
1655895143.316653 sending message 105 to peer 0x560b48de4680 (78 bytes)
1655895143.316670 sending message 105 to peer 0x560b48de4680 (19 bytes)
1655895143.316685 sending message 105 to peer 0x560b48de4680 (8 bytes)
1655895143.316699 sending message 105 to peer 0x560b48de4680 (19 bytes)
1655895143.316731 sending message 105 to peer 0x560b48de4680 (41 bytes)
1655895143.316746 sending message 105 to peer 0x560b48de4680 (12 bytes)
1655895143.316760 sending message 105 to peer 0x560b48de4680 (38 bytes)
1655895143.316775 sending message 105 to peer 0x560b48de4680 (13 bytes)
1655895143.316788 sending message 105 to peer 0x560b48de4680 (83 bytes)
1655895143.316805 sending message 105 to peer 0x560b48de4680 (25 bytes)
1655895143.316819 sending message 105 to peer 0x560b48de4680 (31 bytes)
1655895143.316834 sending message 105 to peer 0x560b48de4680 (31 bytes)
1655895143.316848 sending message 105 to peer 0x560b48de4680 (87 bytes)
1655895143.316863 sending message 105 to peer 0x560b48de4680 (22 bytes)
1655895143.316878 sending message 105 to peer 0x560b48de4680 (12 bytes)
1655895143.316892 sending message 105 to peer 0x560b48de4680 (16 bytes)
1655895143.316907 sending message 105 to peer 0x560b48de4680 (17 bytes)
1655895143.316922 sending message 105 to peer 0x560b48de4680 (13 bytes)
1655895143.316936 sending message 105 to peer 0x560b48de4680 (41 bytes)
1655895143.316951 sending message 105 to peer 0x560b48de4680 (45 bytes)
1655895143.316965 sending message 105 to peer 0x560b48de4680 (33 bytes)
1655895143.316988 sending message 105 to peer 0x560b48de4680 (85 bytes)
1655895143.317002 sending message 105 to peer 0x560b48de4680 (23 bytes)
1655895143.317016 sending message 105 to peer 0x560b48de4680 (31 bytes)
1655895143.317031 sending message 105 to peer 0x560b48de4680 (23 bytes)
1655895143.317045 sending message 105 to peer 0x560b48de4680 (27 bytes)
1655895143.317059 sending message 105 to peer 0x560b48de4680 (21 bytes)
1655895143.317074 sending message 105 to peer 0x560b48de4680 (20 bytes)
1655895143.317089 sending message 105 to peer 0x560b48de4680 (28 bytes)
1655895143.317103 sending message 105 to peer 0x560b48de4680 (16 bytes)
1655895143.317119 sending message 106 to peer 0x560b48de4680 (0 bytes)
1655895143.317134 sending message 200 to peer 0x560b48de4680 (4 bytes)
1655895143.317148 client loop enter
1655895143.318040 peer 0x560b48de4680 message 211
1655895143.318084 client_write: sessions should be nested with care, unset $TMUX to force\n
1655895143.318111 peer 0x560b48de4680 message 203
1655895143.318126 client loop exit
